This file contains any messages produced by compilers while
running configure, to aid debugging if configure makes a mistake.

It was created by memcached configure 1.6.19, which was
generated by GNU Autoconf 2.71.  Invocation command line was

  $ ./configure --prefix=/usr/local/memcached

## --------- ##
## Platform. ##
## --------- ##

hostname = carml
uname -m = x86_64
uname -r = 5.15.0-41-generic
uname -s = Linux
uname -v = #44~20.04.1-Ubuntu SMP Fri Jun 24 13:27:29 UTC 2022

/usr/bin/uname -p = x86_64
/bin/uname -X     = unknown

/bin/arch              = x86_64
/usr/bin/arch -k       = unknown
/usr/convex/getsysinfo = unknown
/usr/bin/hostinfo      = unknown
/bin/machine           = unknown
/usr/bin/oslevel       = unknown
/bin/universe          = unknown

PATH: /home/jordan/Django_projet/teach_on_line/env/educa/bin/
PATH: /usr/local/sbin/
PATH: /usr/local/bin/
PATH: /usr/sbin/
PATH: /usr/bin/
PATH: /sbin/
PATH: /bin/
PATH: /usr/games/
PATH: /usr/local/games/
PATH: /snap/bin/


## ----------- ##
## Core tests. ##
## ----------- ##

configure:2775: looking for aux files: compile missing install-sh config.guess config.sub
configure:2788:  trying ./
configure:2817:   ./compile found
configure:2817:   ./missing found
configure:2799:   ./install-sh found
configure:2817:   ./config.guess found
configure:2817:   ./config.sub found
configure:2935: checking build system type
configure:2950: result: x86_64-pc-linux-gnu
configure:2970: checking host system type
configure:2984: result: x86_64-pc-linux-gnu
configure:3022: checking for a BSD-compatible install
configure:3095: result: /usr/bin/install -c
configure:3106: checking whether build environment is sane
configure:3161: result: yes
configure:3318: checking for a race-free mkdir -p
configure:3362: result: /usr/bin/mkdir -p
configure:3369: checking for gawk
configure:3404: result: no
configure:3369: checking for mawk
configure:3390: found /usr/bin/mawk
configure:3401: result: mawk
configure:3412: checking whether make sets $(MAKE)
configure:3435: result: yes
configure:3465: checking whether make supports nested variables
configure:3483: result: yes
configure:3684: checking for gcc
configure:3705: found /usr/bin/gcc
configure:3716: result: gcc
configure:4069: checking for C compiler version
configure:4078: gcc --version >&5
gcc (Ubuntu 9.4.0-1ubuntu1~20.04.1) 9.4.0
Copyright (C) 2019 Free Software Foundation, Inc.
This is free software; see the source for copying conditions.  There is NO
warranty; not even for MERCHANTABILITY or FITNESS FOR A PARTICULAR PURPOSE.

configure:4089: $? = 0
configure:4078: gcc -v >&5
Using built-in specs.
COLLECT_GCC=gcc
COLLECT_LTO_WRAPPER=/usr/lib/gcc/x86_64-linux-gnu/9/lto-wrapper
OFFLOAD_TARGET_NAMES=nvptx-none:hsa
OFFLOAD_TARGET_DEFAULT=1
Target: x86_64-linux-gnu
Configured with: ../src/configure -v --with-pkgversion='Ubuntu 9.4.0-1ubuntu1~20.04.1' --with-bugurl=file:///usr/share/doc/gcc-9/README.Bugs --enable-languages=c,ada,c++,go,brig,d,fortran,objc,obj-c++,gm2 --prefix=/usr --with-gcc-major-version-only --program-suffix=-9 --program-prefix=x86_64-linux-gnu- --enable-shared --enable-linker-build-id --libexecdir=/usr/lib --without-included-gettext --enable-threads=posix --libdir=/usr/lib --enable-nls --enable-clocale=gnu --enable-libstdcxx-debug --enable-libstdcxx-time=yes --with-default-libstdcxx-abi=new --enable-gnu-unique-object --disable-vtable-verify --enable-plugin --enable-default-pie --with-system-zlib --with-target-system-zlib=auto --enable-objc-gc=auto --enable-multiarch --disable-werror --with-arch-32=i686 --with-abi=m64 --with-multilib-list=m32,m64,mx32 --enable-multilib --with-tune=generic --enable-offload-targets=nvptx-none=/build/gcc-9-Av3uEd/gcc-9-9.4.0/debian/tmp-nvptx/usr,hsa --without-cuda-driver --enable-checking=release --build=x86_64-linux-gnu --host=x86_64-linux-gnu --target=x86_64-linux-gnu
Thread model: posix
gcc version 9.4.0 (Ubuntu 9.4.0-1ubuntu1~20.04.1) 
configure:4089: $? = 0
configure:4078: gcc -V >&5
gcc: error: unrecognized command line option '-V'
gcc: fatal error: no input files
compilation terminated.
configure:4089: $? = 1
configure:4078: gcc -qversion >&5
gcc: error: unrecognized command line option '-qversion'; did you mean '--version'?
gcc: fatal error: no input files
compilation terminated.
configure:4089: $? = 1
configure:4078: gcc -version >&5
gcc: error: unrecognized command line option '-version'
gcc: fatal error: no input files
compilation terminated.
configure:4089: $? = 1
configure:4109: checking whether the C compiler works
configure:4131: gcc    conftest.c  >&5
configure:4135: $? = 0
configure:4185: result: yes
configure:4188: checking for C compiler default output file name
configure:4190: result: a.out
configure:4196: checking for suffix of executables
configure:4203: gcc -o conftest    conftest.c  >&5
configure:4207: $? = 0
configure:4230: result: 
configure:4252: checking whether we are cross compiling
configure:4260: gcc -o conftest    conftest.c  >&5
configure:4264: $? = 0
configure:4271: ./conftest
configure:4275: $? = 0
configure:4263: result: no
configure:4268: checking for suffix of object files
configure:4291: gcc -c   conftest.c >&5
configure:4295: $? = 0
configure:4317: result: o
configure:4321: checking whether the compiler supports GNU C
configure:4341: gcc -c   conftest.c >&5
configure:4341: $? = 0
configure:4351: result: yes
configure:4362: checking whether gcc accepts -g
configure:4383: gcc -c -g  conftest.c >&5
configure:4383: $? = 0
configure:4427: result: yes
configure:4447: checking for gcc option to enable C11 features
configure:4462: gcc  -c -g -O2  conftest.c >&5
configure:4462: $? = 0
configure:4480: result: none needed
configure:4596: checking whether gcc understands -c and -o together
configure:4619: gcc -c conftest.c -o conftest2.o
configure:4622: $? = 0
configure:4619: gcc -c conftest.c -o conftest2.o
configure:4622: $? = 0
configure:4634: result: yes
configure:4654: checking whether make supports the include directive
configure:4669: make -f confmf.GNU && cat confinc.out
this is the am__doit target
configure:4672: $? = 0
configure:4691: result: yes (GNU style)
configure:4717: checking dependency style of gcc
configure:4829: result: gcc3
configure:4870: checking how to run the C preprocessor
configure:4896: gcc -E  conftest.c
configure:4896: $? = 0
configure:4911: gcc -E  conftest.c
conftest.c:11:10: fatal error: ac_nonexistent.h: No such file or directory
   11 | #include <ac_nonexistent.h>
      |          ^~~~~~~~~~~~~~~~~~
compilation terminated.
configure:4911: $? = 1
configure: failed program was:
| /* confdefs.h */
| #define PACKAGE_NAME "memcached"
| #define PACKAGE_TARNAME "memcached"
| #define PACKAGE_VERSION "1.6.19"
| #define PACKAGE_STRING "memcached 1.6.19"
| #define PACKAGE_BUGREPORT "memcached@googlegroups.com"
| #define PACKAGE_URL ""
| #define PACKAGE "memcached"
| #define VERSION "1.6.19"
| /* end confdefs.h.  */
| #include <ac_nonexistent.h>
configure:4938: result: gcc -E
configure:4952: gcc -E  conftest.c
configure:4952: $? = 0
configure:4967: gcc -E  conftest.c
conftest.c:11:10: fatal error: ac_nonexistent.h: No such file or directory
   11 | #include <ac_nonexistent.h>
      |          ^~~~~~~~~~~~~~~~~~
compilation terminated.
configure:4967: $? = 1
configure: failed program was:
| /* confdefs.h */
| #define PACKAGE_NAME "memcached"
| #define PACKAGE_TARNAME "memcached"
| #define PACKAGE_VERSION "1.6.19"
| #define PACKAGE_STRING "memcached 1.6.19"
| #define PACKAGE_BUGREPORT "memcached@googlegroups.com"
| #define PACKAGE_URL ""
| #define PACKAGE "memcached"
| #define VERSION "1.6.19"
| /* end confdefs.h.  */
| #include <ac_nonexistent.h>
configure:4998: checking for grep that handles long lines and -e
configure:5062: result: /usr/bin/grep
configure:5067: checking for egrep
configure:5135: result: /usr/bin/grep -E
configure:5142: checking for icc in use
configure:5152: result: no
configure:5172: checking for clang in use
configure:5189: gcc -c -g -O2  conftest.c >&5
conftest.c: In function 'main':
conftest.c:17:12: error: unknown type name 'not'
   17 |            not clang
      |            ^~~
configure:5189: $? = 1
configure: failed program was:
| /* confdefs.h */
| #define PACKAGE_NAME "memcached"
| #define PACKAGE_TARNAME "memcached"
| #define PACKAGE_VERSION "1.6.19"
| #define PACKAGE_STRING "memcached 1.6.19"
| #define PACKAGE_BUGREPORT "memcached@googlegroups.com"
| #define PACKAGE_URL ""
| #define PACKAGE "memcached"
| #define VERSION "1.6.19"
| /* end confdefs.h.  */
| 
| int
| main (void)
| {
| 
|     #ifndef __clang__
|            not clang
|     #endif
| 
|   ;
|   return 0;
| }
configure:5196: result: no
configure:5206: checking for gcc options needed to detect all undeclared functions
configure:5228: gcc -c -g -O2   conftest.c >&5
conftest.c: In function 'main':
conftest.c:15:8: error: 'strchr' undeclared (first use in this function)
   15 | (void) strchr;
      |        ^~~~~~
conftest.c:1:1: note: 'strchr' is defined in header '<string.h>'; did you forget to '#include <string.h>'?
    1 | /* confdefs.h */
conftest.c:15:8: note: each undeclared identifier is reported only once for each function it appears in
   15 | (void) strchr;
      |        ^~~~~~
configure:5228: $? = 1
configure: failed program was:
| /* confdefs.h */
| #define PACKAGE_NAME "memcached"
| #define PACKAGE_TARNAME "memcached"
| #define PACKAGE_VERSION "1.6.19"
| #define PACKAGE_STRING "memcached 1.6.19"
| #define PACKAGE_BUGREPORT "memcached@googlegroups.com"
| #define PACKAGE_URL ""
| #define PACKAGE "memcached"
| #define VERSION "1.6.19"
| /* end confdefs.h.  */
| 
| int
| main (void)
| {
| (void) strchr;
|   ;
|   return 0;
| }
configure:5255: gcc -c -g -O2   conftest.c >&5
configure:5255: $? = 0
configure:5272: result: none needed
configure:5290: checking for stdio.h
configure:5290: gcc -c -g -O2  conftest.c >&5
configure:5290: $? = 0
configure:5290: result: yes
configure:5290: checking for stdlib.h
configure:5290: gcc -c -g -O2  conftest.c >&5
configure:5290: $? = 0
configure:5290: result: yes
configure:5290: checking for string.h
configure:5290: gcc -c -g -O2  conftest.c >&5
configure:5290: $? = 0
configure:5290: result: yes
configure:5290: checking for inttypes.h
configure:5290: gcc -c -g -O2  conftest.c >&5
configure:5290: $? = 0
configure:5290: result: yes
configure:5290: checking for stdint.h
configure:5290: gcc -c -g -O2  conftest.c >&5
configure:5290: $? = 0
configure:5290: result: yes
configure:5290: checking for strings.h
configure:5290: gcc -c -g -O2  conftest.c >&5
configure:5290: $? = 0
configure:5290: result: yes
configure:5290: checking for sys/stat.h
configure:5290: gcc -c -g -O2  conftest.c >&5
configure:5290: $? = 0
configure:5290: result: yes
configure:5290: checking for sys/types.h
configure:5290: gcc -c -g -O2  conftest.c >&5
configure:5290: $? = 0
configure:5290: result: yes
configure:5290: checking for unistd.h
configure:5290: gcc -c -g -O2  conftest.c >&5
configure:5290: $? = 0
configure:5290: result: yes
configure:5316: checking whether __SUNPRO_C is declared
configure:5316: gcc -c -g -O2   conftest.c >&5
conftest.c: In function 'main':
conftest.c:56:10: error: '__SUNPRO_C' undeclared (first use in this function)
   56 |   (void) __SUNPRO_C;
      |          ^~~~~~~~~~
conftest.c:56:10: note: each undeclared identifier is reported only once for each function it appears in
configure:5316: $? = 1
configure: failed program was:
| /* confdefs.h */
| #define PACKAGE_NAME "memcached"
| #define PACKAGE_TARNAME "memcached"
| #define PACKAGE_VERSION "1.6.19"
| #define PACKAGE_STRING "memcached 1.6.19"
| #define PACKAGE_BUGREPORT "memcached@googlegroups.com"
| #define PACKAGE_URL ""
| #define PACKAGE "memcached"
| #define VERSION "1.6.19"
| #define HAVE_STDIO_H 1
| #define HAVE_STDLIB_H 1
| #define HAVE_STRING_H 1
| #define HAVE_INTTYPES_H 1
| #define HAVE_STDINT_H 1
| #define HAVE_STRINGS_H 1
| #define HAVE_SYS_STAT_H 1
| #define HAVE_SYS_TYPES_H 1
| #define HAVE_UNISTD_H 1
| #define STDC_HEADERS 1
| /* end confdefs.h.  */
| #include <stddef.h>
| #ifdef HAVE_STDIO_H
| # include <stdio.h>
| #endif
| #ifdef HAVE_STDLIB_H
| # include <stdlib.h>
| #endif
| #ifdef HAVE_STRING_H
| # include <string.h>
| #endif
| #ifdef HAVE_INTTYPES_H
| # include <inttypes.h>
| #endif
| #ifdef HAVE_STDINT_H
| # include <stdint.h>
| #endif
| #ifdef HAVE_STRINGS_H
| # include <strings.h>
| #endif
| #ifdef HAVE_SYS_TYPES_H
| # include <sys/types.h>
| #endif
| #ifdef HAVE_SYS_STAT_H
| # include <sys/stat.h>
| #endif
| #ifdef HAVE_UNISTD_H
| # include <unistd.h>
| #endif
| int
| main (void)
| {
| #ifndef __SUNPRO_C
| #ifdef __cplusplus
|   (void) __SUNPRO_C;
| #else
|   (void) __SUNPRO_C;
| #endif
| #endif
| 
|   ;
|   return 0;
| }
configure:5316: result: no
configure:5345: checking for gcc option to accept ISO C99
configure:5495: gcc  -c -g -O2 -pthread  conftest.c >&5
configure:5495: $? = 0
configure:5509: result: none needed
configure:5616: checking for sasl/sasl.h
configure:5616: gcc -c -g -O2 -pthread  conftest.c >&5
conftest.c:49:10: fatal error: sasl/sasl.h: No such file or directory
   49 | #include <sasl/sasl.h>
      |          ^~~~~~~~~~~~~
compilation terminated.
configure:5616: $? = 1
configure: failed program was:
| /* confdefs.h */
| #define PACKAGE_NAME "memcached"
| #define PACKAGE_TARNAME "memcached"
| #define PACKAGE_VERSION "1.6.19"
| #define PACKAGE_STRING "memcached 1.6.19"
| #define PACKAGE_BUGREPORT "memcached@googlegroups.com"
| #define PACKAGE_URL ""
| #define PACKAGE "memcached"
| #define VERSION "1.6.19"
| #define HAVE_STDIO_H 1
| #define HAVE_STDLIB_H 1
| #define HAVE_STRING_H 1
| #define HAVE_INTTYPES_H 1
| #define HAVE_STDINT_H 1
| #define HAVE_STRINGS_H 1
| #define HAVE_SYS_STAT_H 1
| #define HAVE_SYS_TYPES_H 1
| #define HAVE_UNISTD_H 1
| #define STDC_HEADERS 1
| /* end confdefs.h.  */
| #include <stddef.h>
| #ifdef HAVE_STDIO_H
| # include <stdio.h>
| #endif
| #ifdef HAVE_STDLIB_H
| # include <stdlib.h>
| #endif
| #ifdef HAVE_STRING_H
| # include <string.h>
| #endif
| #ifdef HAVE_INTTYPES_H
| # include <inttypes.h>
| #endif
| #ifdef HAVE_STDINT_H
| # include <stdint.h>
| #endif
| #ifdef HAVE_STRINGS_H
| # include <strings.h>
| #endif
| #ifdef HAVE_SYS_TYPES_H
| # include <sys/types.h>
| #endif
| #ifdef HAVE_SYS_STAT_H
| # include <sys/stat.h>
| #endif
| #ifdef HAVE_UNISTD_H
| # include <unistd.h>
| #endif
| #include <sasl/sasl.h>
configure:5616: result: no
configure:6010: checking for gcov
configure:6033: found /usr/bin/gcov
configure:6046: result: /usr/bin/gcov
configure:6056: checking for main in -lgcov
configure:6076: gcc -o conftest -g -O2 -pthread -pthread   conftest.c -lgcov   >&5
configure:6076: $? = 0
configure:6086: result: yes
configure:6261: checking size of void *
configure:6267: gcc -o conftest -g -O2 -pthread -pthread   conftest.c  >&5
configure:6267: $? = 0
configure:6267: ./conftest
configure:6267: $? = 0
configure:6282: result: 8
configure:6293: checking for library containing clock_gettime
configure:6323: gcc -o conftest -g -O2 -pthread -pthread   conftest.c  >&5
configure:6323: $? = 0
configure:6343: result: none required
configure:6354: checking for library containing socket
configure:6384: gcc -o conftest -g -O2 -pthread -pthread   conftest.c  >&5
configure:6384: $? = 0
configure:6404: result: none required
configure:6413: checking for library containing gethostbyname
configure:6443: gcc -o conftest -g -O2 -pthread -pthread   conftest.c  >&5
configure:6443: $? = 0
configure:6463: result: none required
configure:6490: checking for libevent directory
configure:6535: gcc -o conftest -g -O2 -pthread -pthread   conftest.c -levent  >&5
configure:6535: $? = 0
configure:6574: result: (system)
configure:6613: gcc -o conftest -g -O2 -pthread -pthread   conftest.c -levent  >&5
configure:6613: $? = 0
configure:6613: ./conftest
configure:6613: $? = 0
configure:6704: checking for pkg-config
configure:6727: found /usr/bin/pkg-config
configure:6739: result: /usr/bin/pkg-config
configure:6764: checking pkg-config is at least version 0.9.0
configure:6767: result: yes
configure:7064: checking for library containing gethugepagesizes
configure:7094: gcc -o conftest -g -O2 -pthread -pthread   conftest.c -levent  >&5
/usr/bin/ld: /tmp/ccYs0BA8.o: in function `main':
/home/jordan/Django_projet/teach_on_line/educa/memcached-1.6.19/conftest.c:32: undefined reference to `gethugepagesizes'
collect2: error: ld returned 1 exit status
configure:7094: $? = 1
configure: failed program was:
| /* confdefs.h */
| #define PACKAGE_NAME "memcached"
| #define PACKAGE_TARNAME "memcached"
| #define PACKAGE_VERSION "1.6.19"
| #define PACKAGE_STRING "memcached 1.6.19"
| #define PACKAGE_BUGREPORT "memcached@googlegroups.com"
| #define PACKAGE_URL ""
| #define PACKAGE "memcached"
| #define VERSION "1.6.19"
| #define HAVE_STDIO_H 1
| #define HAVE_STDLIB_H 1
| #define HAVE_STRING_H 1
| #define HAVE_INTTYPES_H 1
| #define HAVE_STDINT_H 1
| #define HAVE_STRINGS_H 1
| #define HAVE_SYS_STAT_H 1
| #define HAVE_SYS_TYPES_H 1
| #define HAVE_UNISTD_H 1
| #define STDC_HEADERS 1
| #define EXTSTORE 1
| #define SIZEOF_VOID_P 8
| #define HAVE_LIBEVENT_NEW 1
| /* end confdefs.h.  */
| 
| /* Override any GCC internal prototype to avoid an error.
|    Use char because int might match the return type of a GCC
|    builtin and then its argument prototype would still apply.  */
| char gethugepagesizes ();
| int
| main (void)
| {
| return gethugepagesizes ();
|   ;
|   return 0;
| }
configure:7094: gcc -o conftest -g -O2 -pthread -pthread   conftest.c -lhugetlbfs  -levent  >&5
/usr/bin/ld: cannot find -lhugetlbfs
collect2: error: ld returned 1 exit status
configure:7094: $? = 1
configure: failed program was:
| /* confdefs.h */
| #define PACKAGE_NAME "memcached"
| #define PACKAGE_TARNAME "memcached"
| #define PACKAGE_VERSION "1.6.19"
| #define PACKAGE_STRING "memcached 1.6.19"
| #define PACKAGE_BUGREPORT "memcached@googlegroups.com"
| #define PACKAGE_URL ""
| #define PACKAGE "memcached"
| #define VERSION "1.6.19"
| #define HAVE_STDIO_H 1
| #define HAVE_STDLIB_H 1
| #define HAVE_STRING_H 1
| #define HAVE_INTTYPES_H 1
| #define HAVE_STDINT_H 1
| #define HAVE_STRINGS_H 1
| #define HAVE_SYS_STAT_H 1
| #define HAVE_SYS_TYPES_H 1
| #define HAVE_UNISTD_H 1
| #define STDC_HEADERS 1
| #define EXTSTORE 1
| #define SIZEOF_VOID_P 8
| #define HAVE_LIBEVENT_NEW 1
| /* end confdefs.h.  */
| 
| /* Override any GCC internal prototype to avoid an error.
|    Use char because int might match the return type of a GCC
|    builtin and then its argument prototype would still apply.  */
| char gethugepagesizes ();
| int
| main (void)
| {
| return gethugepagesizes ();
|   ;
|   return 0;
| }
configure:7114: result: no
configure:7124: checking for _Bool
configure:7124: gcc -c -g -O2 -pthread -pthread  conftest.c >&5
configure:7124: $? = 0
configure:7124: gcc -c -g -O2 -pthread -pthread  conftest.c >&5
conftest.c: In function 'main':
conftest.c:55:20: error: expected expression before ')' token
   55 | if (sizeof ((_Bool)))
      |                    ^
configure:7124: $? = 1
configure: failed program was:
| /* confdefs.h */
| #define PACKAGE_NAME "memcached"
| #define PACKAGE_TARNAME "memcached"
| #define PACKAGE_VERSION "1.6.19"
| #define PACKAGE_STRING "memcached 1.6.19"
| #define PACKAGE_BUGREPORT "memcached@googlegroups.com"
| #define PACKAGE_URL ""
| #define PACKAGE "memcached"
| #define VERSION "1.6.19"
| #define HAVE_STDIO_H 1
| #define HAVE_STDLIB_H 1
| #define HAVE_STRING_H 1
| #define HAVE_INTTYPES_H 1
| #define HAVE_STDINT_H 1
| #define HAVE_STRINGS_H 1
| #define HAVE_SYS_STAT_H 1
| #define HAVE_SYS_TYPES_H 1
| #define HAVE_UNISTD_H 1
| #define STDC_HEADERS 1
| #define EXTSTORE 1
| #define SIZEOF_VOID_P 8
| #define HAVE_LIBEVENT_NEW 1
| /* end confdefs.h.  */
| #include <stddef.h>
| #ifdef HAVE_STDIO_H
| # include <stdio.h>
| #endif
| #ifdef HAVE_STDLIB_H
| # include <stdlib.h>
| #endif
| #ifdef HAVE_STRING_H
| # include <string.h>
| #endif
| #ifdef HAVE_INTTYPES_H
| # include <inttypes.h>
| #endif
| #ifdef HAVE_STDINT_H
| # include <stdint.h>
| #endif
| #ifdef HAVE_STRINGS_H
| # include <strings.h>
| #endif
| #ifdef HAVE_SYS_TYPES_H
| # include <sys/types.h>
| #endif
| #ifdef HAVE_SYS_STAT_H
| # include <sys/stat.h>
| #endif
| #ifdef HAVE_UNISTD_H
| # include <unistd.h>
| #endif
| int
| main (void)
| {
| if (sizeof ((_Bool)))
| 	    return 0;
|   ;
|   return 0;
| }
configure:7124: result: yes
configure:7133: checking for stdbool.h that conforms to C99
configure:7249: gcc -c -g -O2 -pthread -pthread  conftest.c >&5
configure:7249: $? = 0
configure:7257: result: yes
configure:7268: checking for inttypes.h
configure:7268: result: yes
configure:7280: checking for sasl_callback_ft
configure:7305: gcc -c -g -O2 -pthread -pthread  conftest.c >&5
conftest.c: In function 'main':
conftest.c:37:5: error: unknown type name 'sasl_callback_ft'
   37 |     sasl_callback_ft a_callback;
      |     ^~~~~~~~~~~~~~~~
configure:7305: $? = 1
configure: failed program was:
| /* confdefs.h */
| #define PACKAGE_NAME "memcached"
| #define PACKAGE_TARNAME "memcached"
| #define PACKAGE_VERSION "1.6.19"
| #define PACKAGE_STRING "memcached 1.6.19"
| #define PACKAGE_BUGREPORT "memcached@googlegroups.com"
| #define PACKAGE_URL ""
| #define PACKAGE "memcached"
| #define VERSION "1.6.19"
| #define HAVE_STDIO_H 1
| #define HAVE_STDLIB_H 1
| #define HAVE_STRING_H 1
| #define HAVE_INTTYPES_H 1
| #define HAVE_STDINT_H 1
| #define HAVE_STRINGS_H 1
| #define HAVE_SYS_STAT_H 1
| #define HAVE_SYS_TYPES_H 1
| #define HAVE_UNISTD_H 1
| #define STDC_HEADERS 1
| #define EXTSTORE 1
| #define SIZEOF_VOID_P 8
| #define HAVE_LIBEVENT_NEW 1
| #define HAVE__BOOL 1
| #define HAVE_STDBOOL_H 1
| #define HAVE_INTTYPES_H 1
| /* end confdefs.h.  */
| 
|     #ifdef HAVE_SASL_SASL_H
|     #include <sasl/sasl.h>
|     #include <sasl/saslplug.h>
|     #endif
| 
| int
| main (void)
| {
| 
|     sasl_callback_ft a_callback;
| 
|   ;
|   return 0;
| }
configure:7318: result: no
configure:7330: checking for print macros for integers (C99 section 7.8.1)
configure:7355: gcc -c -g -O2 -pthread -pthread  conftest.c >&5
configure:7355: $? = 0
configure:7364: result: yes
configure:7381: checking for an ANSI C-conforming const
configure:7448: gcc -c -g -O2 -pthread -pthread  conftest.c >&5
configure:7448: $? = 0
configure:7456: result: yes
configure:7467: checking for socklen_t
configure:7490: gcc -c -g -O2 -pthread -pthread  conftest.c >&5
configure:7490: $? = 0
configure:7503: result: yes
configure:7512: checking whether byte ordering is bigendian
configure:7528: gcc -c -g -O2 -pthread -pthread  conftest.c >&5
conftest.c:28:9: error: unknown type name 'not'
   28 |         not a universal capable compiler
      |         ^~~
conftest.c:28:15: error: expected '=', ',', ';', 'asm' or '__attribute__' before 'universal'
   28 |         not a universal capable compiler
      |               ^~~~~~~~~
conftest.c:28:15: error: unknown type name 'universal'
configure:7528: $? = 1
configure: failed program was:
| /* confdefs.h */
| #define PACKAGE_NAME "memcached"
| #define PACKAGE_TARNAME "memcached"
| #define PACKAGE_VERSION "1.6.19"
| #define PACKAGE_STRING "memcached 1.6.19"
| #define PACKAGE_BUGREPORT "memcached@googlegroups.com"
| #define PACKAGE_URL ""
| #define PACKAGE "memcached"
| #define VERSION "1.6.19"
| #define HAVE_STDIO_H 1
| #define HAVE_STDLIB_H 1
| #define HAVE_STRING_H 1
| #define HAVE_INTTYPES_H 1
| #define HAVE_STDINT_H 1
| #define HAVE_STRINGS_H 1
| #define HAVE_SYS_STAT_H 1
| #define HAVE_SYS_TYPES_H 1
| #define HAVE_UNISTD_H 1
| #define STDC_HEADERS 1
| #define EXTSTORE 1
| #define SIZEOF_VOID_P 8
| #define HAVE_LIBEVENT_NEW 1
| #define HAVE__BOOL 1
| #define HAVE_STDBOOL_H 1
| #define HAVE_INTTYPES_H 1
| /* end confdefs.h.  */
| #ifndef __APPLE_CC__
| 	       not a universal capable compiler
| 	     #endif
| 	     typedef int dummy;
| 
configure:7574: gcc -c -g -O2 -pthread -pthread  conftest.c >&5
configure:7574: $? = 0
configure:7593: gcc -c -g -O2 -pthread -pthread  conftest.c >&5
conftest.c: In function 'main':
conftest.c:34:4: error: unknown type name 'not'; did you mean 'ino_t'?
   34 |    not big endian
      |    ^~~
      |    ino_t
conftest.c:34:12: error: expected '=', ',', ';', 'asm' or '__attribute__' before 'endian'
   34 |    not big endian
      |            ^~~~~~
configure:7593: $? = 1
configure: failed program was:
| /* confdefs.h */
| #define PACKAGE_NAME "memcached"
| #define PACKAGE_TARNAME "memcached"
| #define PACKAGE_VERSION "1.6.19"
| #define PACKAGE_STRING "memcached 1.6.19"
| #define PACKAGE_BUGREPORT "memcached@googlegroups.com"
| #define PACKAGE_URL ""
| #define PACKAGE "memcached"
| #define VERSION "1.6.19"
| #define HAVE_STDIO_H 1
| #define HAVE_STDLIB_H 1
| #define HAVE_STRING_H 1
| #define HAVE_INTTYPES_H 1
| #define HAVE_STDINT_H 1
| #define HAVE_STRINGS_H 1
| #define HAVE_SYS_STAT_H 1
| #define HAVE_SYS_TYPES_H 1
| #define HAVE_UNISTD_H 1
| #define STDC_HEADERS 1
| #define EXTSTORE 1
| #define SIZEOF_VOID_P 8
| #define HAVE_LIBEVENT_NEW 1
| #define HAVE__BOOL 1
| #define HAVE_STDBOOL_H 1
| #define HAVE_INTTYPES_H 1
| /* end confdefs.h.  */
| #include <sys/types.h>
| 		#include <sys/param.h>
| 
| int
| main (void)
| {
| #if BYTE_ORDER != BIG_ENDIAN
| 		 not big endian
| 		#endif
| 
|   ;
|   return 0;
| }
configure:7727: result: no
configure:7751: checking for htonll
configure:7773: gcc -o conftest -g -O2 -pthread -pthread   conftest.c -levent  >&5
conftest.c:32:23: warning: extra tokens at end of #include directive
   32 | #include <inttypes.h> */
      |                       ^
conftest.c: In function 'main':
conftest.c:39:18: warning: implicit declaration of function 'htonll'; did you mean 'htonl'? [-Wimplicit-function-declaration]
   39 |           return htonll(0);
      |                  ^~~~~~
      |                  htonl
/usr/bin/ld: /tmp/ccP18HRi.o: in function `main':
/home/jordan/Django_projet/teach_on_line/educa/memcached-1.6.19/conftest.c:39: undefined reference to `htonll'
collect2: error: ld returned 1 exit status
configure:7773: $? = 1
configure: failed program was:
| /* confdefs.h */
| #define PACKAGE_NAME "memcached"
| #define PACKAGE_TARNAME "memcached"
| #define PACKAGE_VERSION "1.6.19"
| #define PACKAGE_STRING "memcached 1.6.19"
| #define PACKAGE_BUGREPORT "memcached@googlegroups.com"
| #define PACKAGE_URL ""
| #define PACKAGE "memcached"
| #define VERSION "1.6.19"
| #define HAVE_STDIO_H 1
| #define HAVE_STDLIB_H 1
| #define HAVE_STRING_H 1
| #define HAVE_INTTYPES_H 1
| #define HAVE_STDINT_H 1
| #define HAVE_STRINGS_H 1
| #define HAVE_SYS_STAT_H 1
| #define HAVE_SYS_TYPES_H 1
| #define HAVE_UNISTD_H 1
| #define STDC_HEADERS 1
| #define EXTSTORE 1
| #define SIZEOF_VOID_P 8
| #define HAVE_LIBEVENT_NEW 1
| #define HAVE__BOOL 1
| #define HAVE_STDBOOL_H 1
| #define HAVE_INTTYPES_H 1
| #define ENDIAN_LITTLE 1
| /* end confdefs.h.  */
| 
| #include <sys/types.h>
| #include <netinet/in.h>
| #ifdef HAVE_INTTYPES_H
| #include <inttypes.h> */
| #endif
| 
| int
| main (void)
| {
| 
|           return htonll(0);
| 
|   ;
|   return 0;
| }
configure:7789: result: no
configure:7793: checking for library containing pthread_create
configure:7823: gcc -o conftest -g -O2 -pthread -pthread   conftest.c -levent  >&5
configure:7823: $? = 0
configure:7843: result: none required
configure:7856: checking for mlockall
configure:7856: gcc -o conftest -g -O2 -pthread -pthread   conftest.c -levent  >&5
configure:7856: $? = 0
configure:7856: result: yes
configure:7863: checking for getpagesizes
configure:7863: gcc -o conftest -g -O2 -pthread -pthread   conftest.c -levent  >&5
/usr/bin/ld: /tmp/cc404VsW.o: in function `main':
/home/jordan/Django_projet/teach_on_line/educa/memcached-1.6.19/conftest.c:56: undefined reference to `getpagesizes'
collect2: error: ld returned 1 exit status
configure:7863: $? = 1
configure: failed program was:
| /* confdefs.h */
| #define PACKAGE_NAME "memcached"
| #define PACKAGE_TARNAME "memcached"
| #define PACKAGE_VERSION "1.6.19"
| #define PACKAGE_STRING "memcached 1.6.19"
| #define PACKAGE_BUGREPORT "memcached@googlegroups.com"
| #define PACKAGE_URL ""
| #define PACKAGE "memcached"
| #define VERSION "1.6.19"
| #define HAVE_STDIO_H 1
| #define HAVE_STDLIB_H 1
| #define HAVE_STRING_H 1
| #define HAVE_INTTYPES_H 1
| #define HAVE_STDINT_H 1
| #define HAVE_STRINGS_H 1
| #define HAVE_SYS_STAT_H 1
| #define HAVE_SYS_TYPES_H 1
| #define HAVE_UNISTD_H 1
| #define STDC_HEADERS 1
| #define EXTSTORE 1
| #define SIZEOF_VOID_P 8
| #define HAVE_LIBEVENT_NEW 1
| #define HAVE__BOOL 1
| #define HAVE_STDBOOL_H 1
| #define HAVE_INTTYPES_H 1
| #define ENDIAN_LITTLE 1
| #define HAVE_MLOCKALL 1
| /* end confdefs.h.  */
| /* Define getpagesizes to an innocuous variant, in case <limits.h> declares getpagesizes.
|    For example, HP-UX 11i <limits.h> declares gettimeofday.  */
| #define getpagesizes innocuous_getpagesizes
| 
| /* System header to define __stub macros and hopefully few prototypes,
|    which can conflict with char getpagesizes (); below.  */
| 
| #include <limits.h>
| #undef getpagesizes
| 
| /* Override any GCC internal prototype to avoid an error.
|    Use char because int might match the return type of a GCC
|    builtin and then its argument prototype would still apply.  */
| #ifdef __cplusplus
| extern "C"
| #endif
| char getpagesizes ();
| /* The GNU C library defines this for functions which it implements
|     to always fail with ENOSYS.  Some functions are actually named
|     something starting with __ and the normal name is an alias.  */
| #if defined __stub_getpagesizes || defined __stub___getpagesizes
| choke me
| #endif
| 
| int
| main (void)
| {
| return getpagesizes ();
|   ;
|   return 0;
| }
configure:7863: result: no
configure:7870: checking for sysconf
configure:7870: gcc -o conftest -g -O2 -pthread -pthread   conftest.c -levent  >&5
configure:7870: $? = 0
configure:7870: result: yes
configure:7877: checking for memcntl
configure:7877: gcc -o conftest -g -O2 -pthread -pthread   conftest.c -levent  >&5
/usr/bin/ld: /tmp/ccKUUndL.o: in function `main':
/home/jordan/Django_projet/teach_on_line/educa/memcached-1.6.19/conftest.c:57: undefined reference to `memcntl'
collect2: error: ld returned 1 exit status
configure:7877: $? = 1
configure: failed program was:
| /* confdefs.h */
| #define PACKAGE_NAME "memcached"
| #define PACKAGE_TARNAME "memcached"
| #define PACKAGE_VERSION "1.6.19"
| #define PACKAGE_STRING "memcached 1.6.19"
| #define PACKAGE_BUGREPORT "memcached@googlegroups.com"
| #define PACKAGE_URL ""
| #define PACKAGE "memcached"
| #define VERSION "1.6.19"
| #define HAVE_STDIO_H 1
| #define HAVE_STDLIB_H 1
| #define HAVE_STRING_H 1
| #define HAVE_INTTYPES_H 1
| #define HAVE_STDINT_H 1
| #define HAVE_STRINGS_H 1
| #define HAVE_SYS_STAT_H 1
| #define HAVE_SYS_TYPES_H 1
| #define HAVE_UNISTD_H 1
| #define STDC_HEADERS 1
| #define EXTSTORE 1
| #define SIZEOF_VOID_P 8
| #define HAVE_LIBEVENT_NEW 1
| #define HAVE__BOOL 1
| #define HAVE_STDBOOL_H 1
| #define HAVE_INTTYPES_H 1
| #define ENDIAN_LITTLE 1
| #define HAVE_MLOCKALL 1
| #define HAVE_SYSCONF 1
| /* end confdefs.h.  */
| /* Define memcntl to an innocuous variant, in case <limits.h> declares memcntl.
|    For example, HP-UX 11i <limits.h> declares gettimeofday.  */
| #define memcntl innocuous_memcntl
| 
| /* System header to define __stub macros and hopefully few prototypes,
|    which can conflict with char memcntl (); below.  */
| 
| #include <limits.h>
| #undef memcntl
| 
| /* Override any GCC internal prototype to avoid an error.
|    Use char because int might match the return type of a GCC
|    builtin and then its argument prototype would still apply.  */
| #ifdef __cplusplus
| extern "C"
| #endif
| char memcntl ();
| /* The GNU C library defines this for functions which it implements
|     to always fail with ENOSYS.  Some functions are actually named
|     something starting with __ and the normal name is an alias.  */
| #if defined __stub_memcntl || defined __stub___memcntl
| choke me
| #endif
| 
| int
| main (void)
| {
| return memcntl ();
|   ;
|   return 0;
| }
configure:7877: result: no
configure:7884: checking for clock_gettime
configure:7884: gcc -o conftest -g -O2 -pthread -pthread   conftest.c -levent  >&5
configure:7884: $? = 0
configure:7884: result: yes
configure:7891: checking for preadv
configure:7891: gcc -o conftest -g -O2 -pthread -pthread   conftest.c -levent  >&5
configure:7891: $? = 0
configure:7891: result: yes
configure:7898: checking for pread
configure:7898: gcc -o conftest -g -O2 -pthread -pthread   conftest.c -levent  >&5
configure:7898: $? = 0
configure:7898: result: yes
configure:7905: checking for eventfd
configure:7905: gcc -o conftest -g -O2 -pthread -pthread   conftest.c -levent  >&5
configure:7905: $? = 0
configure:7905: result: yes
configure:7915: checking for accept4
configure:7915: gcc -o conftest -g -O2 -pthread -pthread   conftest.c -levent  >&5
configure:7915: $? = 0
configure:7915: result: yes
configure:7928: checking for getopt_long
configure:7928: gcc -o conftest -g -O2 -pthread -pthread   conftest.c -levent  >&5
configure:7928: $? = 0
configure:7928: result: yes
configure:7941: checking for alignment
configure:7990: gcc -o conftest -g -O2 -pthread -pthread   conftest.c -levent  >&5
configure:7990: $? = 0
configure:7990: ./conftest
configure:7990: $? = 0
configure:8006: result: none
configure:8025: checking for GCC atomics
configure:8043: gcc -o conftest -g -O2 -pthread -pthread   conftest.c -levent  >&5
configure:8043: $? = 0
configure:8052: result: yes
configure:8056: checking for GCC 64bit atomics
configure:8075: gcc -o conftest -g -O2 -pthread -pthread   conftest.c -levent  >&5
configure:8075: $? = 0
configure:8084: result: yes
configure:8090: checking for setppriv
configure:8090: gcc -o conftest -g -O2 -pthread -pthread   conftest.c -levent  >&5
/usr/bin/ld: /tmp/ccsvQqp4.o: in function `main':
/home/jordan/Django_projet/teach_on_line/educa/memcached-1.6.19/conftest.c:67: undefined reference to `setppriv'
collect2: error: ld returned 1 exit status
configure:8090: $? = 1
configure: failed program was:
| /* confdefs.h */
| #define PACKAGE_NAME "memcached"
| #define PACKAGE_TARNAME "memcached"
| #define PACKAGE_VERSION "1.6.19"
| #define PACKAGE_STRING "memcached 1.6.19"
| #define PACKAGE_BUGREPORT "memcached@googlegroups.com"
| #define PACKAGE_URL ""
| #define PACKAGE "memcached"
| #define VERSION "1.6.19"
| #define HAVE_STDIO_H 1
| #define HAVE_STDLIB_H 1
| #define HAVE_STRING_H 1
| #define HAVE_INTTYPES_H 1
| #define HAVE_STDINT_H 1
| #define HAVE_STRINGS_H 1
| #define HAVE_SYS_STAT_H 1
| #define HAVE_SYS_TYPES_H 1
| #define HAVE_UNISTD_H 1
| #define STDC_HEADERS 1
| #define EXTSTORE 1
| #define SIZEOF_VOID_P 8
| #define HAVE_LIBEVENT_NEW 1
| #define HAVE__BOOL 1
| #define HAVE_STDBOOL_H 1
| #define HAVE_INTTYPES_H 1
| #define ENDIAN_LITTLE 1
| #define HAVE_MLOCKALL 1
| #define HAVE_SYSCONF 1
| #define HAVE_CLOCK_GETTIME 1
| #define HAVE_PREADV 1
| #define HAVE_PREAD 1
| #define HAVE_EVENTFD 1
| #define HAVE_ACCEPT4 1
| #define HAVE_ACCEPT4 1
| #define HAVE_GETOPT_LONG 1
| #define HAVE_GETOPT_LONG 1
| #define HAVE_GCC_ATOMICS 1
| #define HAVE_GCC_64ATOMICS 1
| /* end confdefs.h.  */
| /* Define setppriv to an innocuous variant, in case <limits.h> declares setppriv.
|    For example, HP-UX 11i <limits.h> declares gettimeofday.  */
| #define setppriv innocuous_setppriv
| 
| /* System header to define __stub macros and hopefully few prototypes,
|    which can conflict with char setppriv (); below.  */
| 
| #include <limits.h>
| #undef setppriv
| 
| /* Override any GCC internal prototype to avoid an error.
|    Use char because int might match the return type of a GCC
|    builtin and then its argument prototype would still apply.  */
| #ifdef __cplusplus
| extern "C"
| #endif
| char setppriv ();
| /* The GNU C library defines this for functions which it implements
|     to always fail with ENOSYS.  Some functions are actually named
|     something starting with __ and the normal name is an alias.  */
| #if defined __stub_setppriv || defined __stub___setppriv
| choke me
| #endif
| 
| int
| main (void)
| {
| return setppriv ();
|   ;
|   return 0;
| }
configure:8090: result: no
configure:8169: checking for pledge
configure:8169: gcc -o conftest -g -O2 -pthread -pthread   conftest.c -levent  >&5
/usr/bin/ld: /tmp/ccCUr6i7.o: in function `main':
/home/jordan/Django_projet/teach_on_line/educa/memcached-1.6.19/conftest.c:67: undefined reference to `pledge'
collect2: error: ld returned 1 exit status
configure:8169: $? = 1
configure: failed program was:
| /* confdefs.h */
| #define PACKAGE_NAME "memcached"
| #define PACKAGE_TARNAME "memcached"
| #define PACKAGE_VERSION "1.6.19"
| #define PACKAGE_STRING "memcached 1.6.19"
| #define PACKAGE_BUGREPORT "memcached@googlegroups.com"
| #define PACKAGE_URL ""
| #define PACKAGE "memcached"
| #define VERSION "1.6.19"
| #define HAVE_STDIO_H 1
| #define HAVE_STDLIB_H 1
| #define HAVE_STRING_H 1
| #define HAVE_INTTYPES_H 1
| #define HAVE_STDINT_H 1
| #define HAVE_STRINGS_H 1
| #define HAVE_SYS_STAT_H 1
| #define HAVE_SYS_TYPES_H 1
| #define HAVE_UNISTD_H 1
| #define STDC_HEADERS 1
| #define EXTSTORE 1
| #define SIZEOF_VOID_P 8
| #define HAVE_LIBEVENT_NEW 1
| #define HAVE__BOOL 1
| #define HAVE_STDBOOL_H 1
| #define HAVE_INTTYPES_H 1
| #define ENDIAN_LITTLE 1
| #define HAVE_MLOCKALL 1
| #define HAVE_SYSCONF 1
| #define HAVE_CLOCK_GETTIME 1
| #define HAVE_PREADV 1
| #define HAVE_PREAD 1
| #define HAVE_EVENTFD 1
| #define HAVE_ACCEPT4 1
| #define HAVE_ACCEPT4 1
| #define HAVE_GETOPT_LONG 1
| #define HAVE_GETOPT_LONG 1
| #define HAVE_GCC_ATOMICS 1
| #define HAVE_GCC_64ATOMICS 1
| /* end confdefs.h.  */
| /* Define pledge to an innocuous variant, in case <limits.h> declares pledge.
|    For example, HP-UX 11i <limits.h> declares gettimeofday.  */
| #define pledge innocuous_pledge
| 
| /* System header to define __stub macros and hopefully few prototypes,
|    which can conflict with char pledge (); below.  */
| 
| #include <limits.h>
| #undef pledge
| 
| /* Override any GCC internal prototype to avoid an error.
|    Use char because int might match the return type of a GCC
|    builtin and then its argument prototype would still apply.  */
| #ifdef __cplusplus
| extern "C"
| #endif
| char pledge ();
| /* The GNU C library defines this for functions which it implements
|     to always fail with ENOSYS.  Some functions are actually named
|     something starting with __ and the normal name is an alias.  */
| #if defined __stub_pledge || defined __stub___pledge
| choke me
| #endif
| 
| int
| main (void)
| {
| return pledge ();
|   ;
|   return 0;
| }
configure:8169: result: no
configure:8193: checking for cap_enter
configure:8193: gcc -o conftest -g -O2 -pthread -pthread   conftest.c -levent  >&5
/usr/bin/ld: /tmp/ccOqjjia.o: in function `main':
/home/jordan/Django_projet/teach_on_line/educa/memcached-1.6.19/conftest.c:67: undefined reference to `cap_enter'
collect2: error: ld returned 1 exit status
configure:8193: $? = 1
configure: failed program was:
| /* confdefs.h */
| #define PACKAGE_NAME "memcached"
| #define PACKAGE_TARNAME "memcached"
| #define PACKAGE_VERSION "1.6.19"
| #define PACKAGE_STRING "memcached 1.6.19"
| #define PACKAGE_BUGREPORT "memcached@googlegroups.com"
| #define PACKAGE_URL ""
| #define PACKAGE "memcached"
| #define VERSION "1.6.19"
| #define HAVE_STDIO_H 1
| #define HAVE_STDLIB_H 1
| #define HAVE_STRING_H 1
| #define HAVE_INTTYPES_H 1
| #define HAVE_STDINT_H 1
| #define HAVE_STRINGS_H 1
| #define HAVE_SYS_STAT_H 1
| #define HAVE_SYS_TYPES_H 1
| #define HAVE_UNISTD_H 1
| #define STDC_HEADERS 1
| #define EXTSTORE 1
| #define SIZEOF_VOID_P 8
| #define HAVE_LIBEVENT_NEW 1
| #define HAVE__BOOL 1
| #define HAVE_STDBOOL_H 1
| #define HAVE_INTTYPES_H 1
| #define ENDIAN_LITTLE 1
| #define HAVE_MLOCKALL 1
| #define HAVE_SYSCONF 1
| #define HAVE_CLOCK_GETTIME 1
| #define HAVE_PREADV 1
| #define HAVE_PREAD 1
| #define HAVE_EVENTFD 1
| #define HAVE_ACCEPT4 1
| #define HAVE_ACCEPT4 1
| #define HAVE_GETOPT_LONG 1
| #define HAVE_GETOPT_LONG 1
| #define HAVE_GCC_ATOMICS 1
| #define HAVE_GCC_64ATOMICS 1
| /* end confdefs.h.  */
| /* Define cap_enter to an innocuous variant, in case <limits.h> declares cap_enter.
|    For example, HP-UX 11i <limits.h> declares gettimeofday.  */
| #define cap_enter innocuous_cap_enter
| 
| /* System header to define __stub macros and hopefully few prototypes,
|    which can conflict with char cap_enter (); below.  */
| 
| #include <limits.h>
| #undef cap_enter
| 
| /* Override any GCC internal prototype to avoid an error.
|    Use char because int might match the return type of a GCC
|    builtin and then its argument prototype would still apply.  */
| #ifdef __cplusplus
| extern "C"
| #endif
| char cap_enter ();
| /* The GNU C library defines this for functions which it implements
|     to always fail with ENOSYS.  Some functions are actually named
|     something starting with __ and the normal name is an alias.  */
| #if defined __stub_cap_enter || defined __stub___cap_enter
| choke me
| #endif
| 
| int
| main (void)
| {
| return cap_enter ();
|   ;
|   return 0;
| }
configure:8193: result: no
configure:8217: checking for sandbox_init
configure:8217: gcc -o conftest -g -O2 -pthread -pthread   conftest.c -levent  >&5
/usr/bin/ld: /tmp/ccotbfue.o: in function `main':
/home/jordan/Django_projet/teach_on_line/educa/memcached-1.6.19/conftest.c:67: undefined reference to `sandbox_init'
collect2: error: ld returned 1 exit status
configure:8217: $? = 1
configure: failed program was:
| /* confdefs.h */
| #define PACKAGE_NAME "memcached"
| #define PACKAGE_TARNAME "memcached"
| #define PACKAGE_VERSION "1.6.19"
| #define PACKAGE_STRING "memcached 1.6.19"
| #define PACKAGE_BUGREPORT "memcached@googlegroups.com"
| #define PACKAGE_URL ""
| #define PACKAGE "memcached"
| #define VERSION "1.6.19"
| #define HAVE_STDIO_H 1
| #define HAVE_STDLIB_H 1
| #define HAVE_STRING_H 1
| #define HAVE_INTTYPES_H 1
| #define HAVE_STDINT_H 1
| #define HAVE_STRINGS_H 1
| #define HAVE_SYS_STAT_H 1
| #define HAVE_SYS_TYPES_H 1
| #define HAVE_UNISTD_H 1
| #define STDC_HEADERS 1
| #define EXTSTORE 1
| #define SIZEOF_VOID_P 8
| #define HAVE_LIBEVENT_NEW 1
| #define HAVE__BOOL 1
| #define HAVE_STDBOOL_H 1
| #define HAVE_INTTYPES_H 1
| #define ENDIAN_LITTLE 1
| #define HAVE_MLOCKALL 1
| #define HAVE_SYSCONF 1
| #define HAVE_CLOCK_GETTIME 1
| #define HAVE_PREADV 1
| #define HAVE_PREAD 1
| #define HAVE_EVENTFD 1
| #define HAVE_ACCEPT4 1
| #define HAVE_ACCEPT4 1
| #define HAVE_GETOPT_LONG 1
| #define HAVE_GETOPT_LONG 1
| #define HAVE_GCC_ATOMICS 1
| #define HAVE_GCC_64ATOMICS 1
| /* end confdefs.h.  */
| /* Define sandbox_init to an innocuous variant, in case <limits.h> declares sandbox_init.
|    For example, HP-UX 11i <limits.h> declares gettimeofday.  */
| #define sandbox_init innocuous_sandbox_init
| 
| /* System header to define __stub macros and hopefully few prototypes,
|    which can conflict with char sandbox_init (); below.  */
| 
| #include <limits.h>
| #undef sandbox_init
| 
| /* Override any GCC internal prototype to avoid an error.
|    Use char because int might match the return type of a GCC
|    builtin and then its argument prototype would still apply.  */
| #ifdef __cplusplus
| extern "C"
| #endif
| char sandbox_init ();
| /* The GNU C library defines this for functions which it implements
|     to always fail with ENOSYS.  Some functions are actually named
|     something starting with __ and the normal name is an alias.  */
| #if defined __stub_sandbox_init || defined __stub___sandbox_init
| choke me
| #endif
| 
| int
| main (void)
| {
| return sandbox_init ();
|   ;
|   return 0;
| }
configure:8217: result: no
configure:8290: checking for xml2rfc
configure:8326: result: no
configure:8336: checking for xsltproc
configure:8372: result: no
configure:8523: checking that generated files are newer than configure
configure:8529: result: done
configure:8625: creating ./config.status

## ---------------------- ##
## Running config.status. ##
## ---------------------- ##

This file was extended by memcached config.status 1.6.19, which was
generated by GNU Autoconf 2.71.  Invocation command line was

  CONFIG_FILES    = 
  CONFIG_HEADERS  = 
  CONFIG_LINKS    = 
  CONFIG_COMMANDS = 
  $ ./config.status 

on carml

config.status:923: creating Makefile
config.status:923: creating doc/Makefile
config.status:923: creating config.h
config.status:1152: executing depfiles commands
config.status:1229: cd .       && sed -e '/# am--include-marker/d' Makefile         | make -f - am--depfiles
config.status:1234: $? = 0

## ---------------- ##
## Cache variables. ##
## ---------------- ##

ac_cv_build=x86_64-pc-linux-gnu
ac_cv_c_alignment=none
ac_cv_c_bigendian=no
ac_cv_c_compiler_gnu=yes
ac_cv_c_const=yes
ac_cv_c_socklen_t=yes
ac_cv_c_uint64_support=yes
ac_cv_c_undeclared_builtin_options='none needed'
ac_cv_env_CC_set=
ac_cv_env_CC_value=
ac_cv_env_CFLAGS_set=
ac_cv_env_CFLAGS_value=
ac_cv_env_CPPFLAGS_set=
ac_cv_env_CPPFLAGS_value=
ac_cv_env_CPP_set=
ac_cv_env_CPP_value=
ac_cv_env_LDFLAGS_set=
ac_cv_env_LDFLAGS_value=
ac_cv_env_LIBS_set=
ac_cv_env_LIBS_value=
ac_cv_env_OPENSSL_CFLAGS_set=
ac_cv_env_OPENSSL_CFLAGS_value=
ac_cv_env_OPENSSL_LIBS_set=
ac_cv_env_OPENSSL_LIBS_value=
ac_cv_env_PKG_CONFIG_LIBDIR_set=
ac_cv_env_PKG_CONFIG_LIBDIR_value=
ac_cv_env_PKG_CONFIG_PATH_set=
ac_cv_env_PKG_CONFIG_PATH_value=
ac_cv_env_PKG_CONFIG_set=
ac_cv_env_PKG_CONFIG_value=
ac_cv_env_build_alias_set=
ac_cv_env_build_alias_value=
ac_cv_env_host_alias_set=
ac_cv_env_host_alias_value=
ac_cv_env_target_alias_set=
ac_cv_env_target_alias_value=
ac_cv_func_accept4=yes
ac_cv_func_cap_enter=no
ac_cv_func_clock_gettime=yes
ac_cv_func_eventfd=yes
ac_cv_func_getopt_long=yes
ac_cv_func_getpagesizes=no
ac_cv_func_memcntl=no
ac_cv_func_mlockall=yes
ac_cv_func_pledge=no
ac_cv_func_pread=yes
ac_cv_func_preadv=yes
ac_cv_func_sandbox_init=no
ac_cv_func_setppriv=no
ac_cv_func_sysconf=yes
ac_cv_has_sasl_callback_ft=no
ac_cv_have_decl___SUNPRO_C=no
ac_cv_header_inttypes_h=yes
ac_cv_header_sasl_sasl_h=no
ac_cv_header_stdbool_h=yes
ac_cv_header_stdint_h=yes
ac_cv_header_stdio_h=yes
ac_cv_header_stdlib_h=yes
ac_cv_header_string_h=yes
ac_cv_header_strings_h=yes
ac_cv_header_sys_stat_h=yes
ac_cv_header_sys_types_h=yes
ac_cv_header_unistd_h=yes
ac_cv_host=x86_64-pc-linux-gnu
ac_cv_lib_gcov_main=yes
ac_cv_libevent_dir='(system)'
ac_cv_objext=o
ac_cv_path_EGREP='/usr/bin/grep -E'
ac_cv_path_GREP=/usr/bin/grep
ac_cv_path_PROFILER=/usr/bin/gcov
ac_cv_path_XML2RFC=no
ac_cv_path_XSLTPROC=no
ac_cv_path_ac_pt_PKG_CONFIG=/usr/bin/pkg-config
ac_cv_path_install='/usr/bin/install -c'
ac_cv_path_mkdir=/usr/bin/mkdir
ac_cv_prog_AWK=mawk
ac_cv_prog_CPP='gcc -E'
ac_cv_prog_ac_ct_CC=gcc
ac_cv_prog_cc_c11=
ac_cv_prog_cc_c99=
ac_cv_prog_cc_g=yes
ac_cv_prog_cc_stdc=
ac_cv_prog_make_make_set=yes
ac_cv_search_clock_gettime='none required'
ac_cv_search_gethostbyname='none required'
ac_cv_search_gethugepagesizes=no
ac_cv_search_pthread_create='none required'
ac_cv_search_socket='none required'
ac_cv_sizeof_void_p=8
ac_cv_type__Bool=yes
am_cv_CC_dependencies_compiler_type=gcc3
am_cv_make_support_nested_variables=yes
am_cv_prog_cc_c_o=yes

## ----------------- ##
## Output variables. ##
## ----------------- ##

ACLOCAL='${SHELL} '\''/home/jordan/Django_projet/teach_on_line/educa/memcached-1.6.19/missing'\'' aclocal-1.16'
AMDEPBACKSLASH='\'
AMDEP_FALSE='#'
AMDEP_TRUE=''
AMTAR='$${TAR-tar}'
AM_BACKSLASH='\'
AM_DEFAULT_V='$(AM_DEFAULT_VERBOSITY)'
AM_DEFAULT_VERBOSITY='1'
AM_V='$(V)'
AUTOCONF='${SHELL} '\''/home/jordan/Django_projet/teach_on_line/educa/memcached-1.6.19/missing'\'' autoconf'
AUTOHEADER='${SHELL} '\''/home/jordan/Django_projet/teach_on_line/educa/memcached-1.6.19/missing'\'' autoheader'
AUTOMAKE='${SHELL} '\''/home/jordan/Django_projet/teach_on_line/educa/memcached-1.6.19/missing'\'' automake-1.16'
AWK='mawk'
BUILD_DARWIN_PRIVS_FALSE=''
BUILD_DARWIN_PRIVS_TRUE='#'
BUILD_DTRACE_FALSE=''
BUILD_DTRACE_TRUE='#'
BUILD_FREEBSD_PRIVS_FALSE=''
BUILD_FREEBSD_PRIVS_TRUE='#'
BUILD_LINUX_PRIVS_FALSE=''
BUILD_LINUX_PRIVS_TRUE='#'
BUILD_OPENBSD_PRIVS_FALSE=''
BUILD_OPENBSD_PRIVS_TRUE='#'
BUILD_SOLARIS_PRIVS_FALSE=''
BUILD_SOLARIS_PRIVS_TRUE='#'
BUILD_SPECIFICATIONS_FALSE=''
BUILD_SPECIFICATIONS_TRUE='#'
CC='gcc'
CCDEPMODE='depmode=gcc3'
CFLAGS='-g -O2 -pthread -pthread -Wall -pedantic -Wmissing-prototypes -Wmissing-declarations -Wredundant-decls'
CPP='gcc -E'
CPPFLAGS=''
CSCOPE='cscope'
CTAGS='ctags'
CYGPATH_W='echo'
DARWIN_FALSE=''
DARWIN_TRUE='#'
DEFS='-DHAVE_CONFIG_H'
DEPDIR='.deps'
DISABLE_UNIX_SOCKET_FALSE=''
DISABLE_UNIX_SOCKET_TRUE='#'
DTRACE=''
DTRACEFLAGS=''
DTRACE_INSTRUMENT_OBJ_FALSE=''
DTRACE_INSTRUMENT_OBJ_TRUE='#'
ECHO_C=''
ECHO_N='-n'
ECHO_T=''
EGREP='/usr/bin/grep -E'
ENABLE_ARM_CRC32_FALSE=''
ENABLE_ARM_CRC32_TRUE='#'
ENABLE_ASAN_FALSE=''
ENABLE_ASAN_TRUE='#'
ENABLE_EXTSTORE_FALSE='#'
ENABLE_EXTSTORE_TRUE=''
ENABLE_PROXY_FALSE=''
ENABLE_PROXY_TRUE='#'
ENABLE_PROXY_URING_FALSE=''
ENABLE_PROXY_URING_TRUE='#'
ENABLE_SASL=''
ENABLE_SASL_FALSE=''
ENABLE_SASL_TRUE='#'
ENABLE_STATIC_FALSE=''
ENABLE_STATIC_TRUE='#'
ENABLE_TLS_FALSE=''
ENABLE_TLS_TRUE='#'
ETAGS='etags'
EXEEXT=''
GREP='/usr/bin/grep'
INSTALL_DATA='${INSTALL} -m 644'
INSTALL_PROGRAM='${INSTALL}'
INSTALL_SCRIPT='${INSTALL}'
INSTALL_STRIP_PROGRAM='$(install_sh) -c -s'
LDFLAGS=''
LIBOBJS=''
LIBS='-levent '
LTLIBOBJS=''
MAKEINFO='${SHELL} '\''/home/jordan/Django_projet/teach_on_line/educa/memcached-1.6.19/missing'\'' makeinfo'
MKDIR_P='/usr/bin/mkdir -p'
OBJEXT='o'
OPENSSL_CFLAGS=''
OPENSSL_LIBS=''
PACKAGE='memcached'
PACKAGE_BUGREPORT='memcached@googlegroups.com'
PACKAGE_NAME='memcached'
PACKAGE_STRING='memcached 1.6.19'
PACKAGE_TARNAME='memcached'
PACKAGE_URL=''
PACKAGE_VERSION='1.6.19'
PATH_SEPARATOR=':'
PKG_CONFIG='/usr/bin/pkg-config'
PKG_CONFIG_LIBDIR=''
PKG_CONFIG_PATH=''
PROFILER='/usr/bin/gcov'
PROFILER_FLAGS='-fprofile-arcs -ftest-coverage'
PROFILER_LDFLAGS='-lgcov'
SET_MAKE=''
SHELL='/bin/bash'
STRIP=''
VERSION='1.6.19'
XML2RFC='no'
XSLTPROC='no'
ac_ct_CC='gcc'
am__EXEEXT_FALSE=''
am__EXEEXT_TRUE='#'
am__fastdepCC_FALSE='#'
am__fastdepCC_TRUE=''
am__include='include'
am__isrc=''
am__leading_dot='.'
am__nodep='_no'
am__quote=''
am__tar='$${TAR-tar} chof - "$$tardir"'
am__untar='$${TAR-tar} xf -'
bindir='${exec_prefix}/bin'
build='x86_64-pc-linux-gnu'
build_alias=''
build_cpu='x86_64'
build_os='linux-gnu'
build_vendor='pc'
datadir='${datarootdir}'
datarootdir='${prefix}/share'
docdir='${datarootdir}/doc/${PACKAGE_TARNAME}'
dvidir='${docdir}'
exec_prefix='${prefix}'
host='x86_64-pc-linux-gnu'
host_alias=''
host_cpu='x86_64'
host_os='linux-gnu'
host_vendor='pc'
htmldir='${docdir}'
includedir='${prefix}/include'
infodir='${datarootdir}/info'
install_sh='${SHELL} /home/jordan/Django_projet/teach_on_line/educa/memcached-1.6.19/install-sh'
libdir='${exec_prefix}/lib'
libexecdir='${exec_prefix}/libexec'
localedir='${datarootdir}/locale'
localstatedir='${prefix}/var'
mandir='${datarootdir}/man'
mkdir_p='$(MKDIR_P)'
oldincludedir='/usr/include'
pdfdir='${docdir}'
prefix='/usr/local/memcached'
program_transform_name='s,x,x,'
psdir='${docdir}'
runstatedir='${localstatedir}/run'
sbindir='${exec_prefix}/sbin'
sharedstatedir='${prefix}/com'
sysconfdir='${prefix}/etc'
target_alias=''

## ----------- ##
## confdefs.h. ##
## ----------- ##

/* confdefs.h */
#define PACKAGE_NAME "memcached"
#define PACKAGE_TARNAME "memcached"
#define PACKAGE_VERSION "1.6.19"
#define PACKAGE_STRING "memcached 1.6.19"
#define PACKAGE_BUGREPORT "memcached@googlegroups.com"
#define PACKAGE_URL ""
#define PACKAGE "memcached"
#define VERSION "1.6.19"
#define HAVE_STDIO_H 1
#define HAVE_STDLIB_H 1
#define HAVE_STRING_H 1
#define HAVE_INTTYPES_H 1
#define HAVE_STDINT_H 1
#define HAVE_STRINGS_H 1
#define HAVE_SYS_STAT_H 1
#define HAVE_SYS_TYPES_H 1
#define HAVE_UNISTD_H 1
#define STDC_HEADERS 1
#define EXTSTORE 1
#define SIZEOF_VOID_P 8
#define HAVE_LIBEVENT_NEW 1
#define HAVE__BOOL 1
#define HAVE_STDBOOL_H 1
#define HAVE_INTTYPES_H 1
#define ENDIAN_LITTLE 1
#define HAVE_MLOCKALL 1
#define HAVE_SYSCONF 1
#define HAVE_CLOCK_GETTIME 1
#define HAVE_PREADV 1
#define HAVE_PREAD 1
#define HAVE_EVENTFD 1
#define HAVE_ACCEPT4 1
#define HAVE_ACCEPT4 1
#define HAVE_GETOPT_LONG 1
#define HAVE_GETOPT_LONG 1
#define HAVE_GCC_ATOMICS 1
#define HAVE_GCC_64ATOMICS 1
#define _GNU_SOURCE 1

configure: exit 0
